{"C:\\Users\\davo2\\task-manager-testing-lab\\src\\types.ts": {"path":"C:\\Users\\davo2\\task-manager-testing-lab\\src\\types.ts","statementMap":{},"fnMap":{},"branchMap":{},"s":{},"f":{},"b":{}}
,"C:\\Users\\davo2\\task-manager-testing-lab\\src\\components\\ConfirmDeleteDialog.tsx": {"path":"C:\\Users\\davo2\\task-manager-testing-lab\\src\\components\\ConfirmDeleteDialog.tsx","statementMap":{"0":{"start":{"line":17,"column":2},"end":{"line":47,"column":4}}},"fnMap":{"0":{"name":"ConfirmDeleteDialog","decl":{"start":{"line":11,"column":16},"end":{"line":11,"column":35}},"loc":{"start":{"line":16,"column":29},"end":{"line":48,"column":1}},"line":16}},"branchMap":{"0":{"loc":{"start":{"line":23,"column":42},"end":{"line":23,"column":85}},"type":"cond-expr","locations":[{"start":{"line":23,"column":54},"end":{"line":23,"column":70}},{"start":{"line":23,"column":73},"end":{"line":23,"column":85}}],"line":23}},"s":{"0":23},"f":{"0":23},"b":{"0":[6,17]},"_coverageSchema":"1a1c01bbd47fc00a2c39e90264f33305004495a9","hash":"a54e57db014ecabc9cdb5993d576b6c87c6a1feb"}
,"C:\\Users\\davo2\\task-manager-testing-lab\\src\\components\\LabeledInput.tsx": {"path":"C:\\Users\\davo2\\task-manager-testing-lab\\src\\components\\LabeledInput.tsx","statementMap":{"0":{"start":{"line":5,"column":37},"end":{"line":5,"column":66}},"1":{"start":{"line":13,"column":2},"end":{"line":26,"column":4}}},"fnMap":{"0":{"name":"LabeledInput","decl":{"start":{"line":12,"column":16},"end":{"line":12,"column":28}},"loc":{"start":{"line":12,"column":75},"end":{"line":27,"column":1}},"line":12}},"branchMap":{"0":{"loc":{"start":{"line":18,"column":30},"end":{"line":18,"column":87}},"type":"cond-expr","locations":[{"start":{"line":18,"column":54},"end":{"line":18,"column":75}},{"start":{"line":18,"column":78},"end":{"line":18,"column":87}}],"line":18},"1":{"loc":{"start":{"line":20,"column":10},"end":{"line":20,"column":54}},"type":"cond-expr","locations":[{"start":{"line":20,"column":18},"end":{"line":20,"column":34}},{"start":{"line":20,"column":37},"end":{"line":20,"column":54}}],"line":20},"2":{"loc":{"start":{"line":24,"column":7},"end":{"line":24,"column":69}},"type":"binary-expr","locations":[{"start":{"line":24,"column":7},"end":{"line":24,"column":12}},{"start":{"line":24,"column":16},"end":{"line":24,"column":69}}],"line":24}},"s":{"0":0,"1":0},"f":{"0":0},"b":{"0":[0,0],"1":[0,0],"2":[0,0]}}
,"C:\\Users\\davo2\\task-manager-testing-lab\\src\\components\\PaymentInfoSection.tsx": {"path":"C:\\Users\\davo2\\task-manager-testing-lab\\src\\components\\PaymentInfoSection.tsx","statementMap":{"0":{"start":{"line":19,"column":2},"end":{"line":56,"column":4}},"1":{"start":{"line":27,"column":29},"end":{"line":27,"column":51}},"2":{"start":{"line":36,"column":29},"end":{"line":36,"column":57}},"3":{"start":{"line":44,"column":29},"end":{"line":44,"column":55}},"4":{"start":{"line":53,"column":29},"end":{"line":53,"column":47}}},"fnMap":{"0":{"name":"PaymentInfoSection","decl":{"start":{"line":18,"column":16},"end":{"line":18,"column":34}},"loc":{"start":{"line":18,"column":77},"end":{"line":57,"column":1}},"line":18},"1":{"name":"(anonymous_1)","decl":{"start":{"line":27,"column":22},"end":{"line":27,"column":23}},"loc":{"start":{"line":27,"column":29},"end":{"line":27,"column":51}},"line":27},"2":{"name":"(anonymous_2)","decl":{"start":{"line":36,"column":22},"end":{"line":36,"column":23}},"loc":{"start":{"line":36,"column":29},"end":{"line":36,"column":57}},"line":36},"3":{"name":"(anonymous_3)","decl":{"start":{"line":44,"column":22},"end":{"line":44,"column":23}},"loc":{"start":{"line":44,"column":29},"end":{"line":44,"column":55}},"line":44},"4":{"name":"(anonymous_4)","decl":{"start":{"line":53,"column":22},"end":{"line":53,"column":23}},"loc":{"start":{"line":53,"column":29},"end":{"line":53,"column":47}},"line":53}},"branchMap":{"0":{"loc":{"start":{"line":18,"column":55},"end":{"line":18,"column":66}},"type":"default-arg","locations":[{"start":{"line":18,"column":64},"end":{"line":18,"column":66}}],"line":18}},"s":{"0":0,"1":0,"2":0,"3":0,"4":0},"f":{"0":0,"1":0,"2":0,"3":0,"4":0},"b":{"0":[0]}}
,"C:\\Users\\davo2\\task-manager-testing-lab\\src\\components\\ShippingInfoSection.tsx": {"path":"C:\\Users\\davo2\\task-manager-testing-lab\\src\\components\\ShippingInfoSection.tsx","statementMap":{"0":{"start":{"line":18,"column":2},"end":{"line":45,"column":4}},"1":{"start":{"line":26,"column":29},"end":{"line":26,"column":53}},"2":{"start":{"line":33,"column":29},"end":{"line":33,"column":50}},"3":{"start":{"line":42,"column":29},"end":{"line":42,"column":56}}},"fnMap":{"0":{"name":"ShippingInfoSection","decl":{"start":{"line":17,"column":16},"end":{"line":17,"column":35}},"loc":{"start":{"line":17,"column":78},"end":{"line":46,"column":1}},"line":17},"1":{"name":"(anonymous_1)","decl":{"start":{"line":26,"column":22},"end":{"line":26,"column":23}},"loc":{"start":{"line":26,"column":29},"end":{"line":26,"column":53}},"line":26},"2":{"name":"(anonymous_2)","decl":{"start":{"line":33,"column":22},"end":{"line":33,"column":23}},"loc":{"start":{"line":33,"column":29},"end":{"line":33,"column":50}},"line":33},"3":{"name":"(anonymous_3)","decl":{"start":{"line":42,"column":22},"end":{"line":42,"column":23}},"loc":{"start":{"line":42,"column":29},"end":{"line":42,"column":56}},"line":42}},"branchMap":{"0":{"loc":{"start":{"line":17,"column":56},"end":{"line":17,"column":67}},"type":"default-arg","locations":[{"start":{"line":17,"column":65},"end":{"line":17,"column":67}}],"line":17}},"s":{"0":0,"1":0,"2":0,"3":0},"f":{"0":0,"1":0,"2":0,"3":0},"b":{"0":[0]}}
,"C:\\Users\\davo2\\task-manager-testing-lab\\src\\components\\StatusBadge.tsx": {"path":"C:\\Users\\davo2\\task-manager-testing-lab\\src\\components\\StatusBadge.tsx","statementMap":{"0":{"start":{"line":5,"column":16},"end":{"line":5,"column":67}},"1":{"start":{"line":6,"column":15},"end":{"line":6,"column":49}},"2":{"start":{"line":8,"column":2},"end":{"line":17,"column":4}}},"fnMap":{"0":{"name":"StatusBadge","decl":{"start":{"line":4,"column":16},"end":{"line":4,"column":27}},"loc":{"start":{"line":4,"column":77},"end":{"line":18,"column":1}},"line":4}},"branchMap":{"0":{"loc":{"start":{"line":5,"column":16},"end":{"line":5,"column":67}},"type":"cond-expr","locations":[{"start":{"line":5,"column":41},"end":{"line":5,"column":53}},{"start":{"line":5,"column":56},"end":{"line":5,"column":67}}],"line":5},"1":{"loc":{"start":{"line":6,"column":15},"end":{"line":6,"column":49}},"type":"cond-expr","locations":[{"start":{"line":6,"column":40},"end":{"line":6,"column":43}},{"start":{"line":6,"column":46},"end":{"line":6,"column":49}}],"line":6}},"s":{"0":2,"1":2,"2":2},"f":{"0":2},"b":{"0":[1,1],"1":[1,1]},"_coverageSchema":"1a1c01bbd47fc00a2c39e90264f33305004495a9","hash":"b8c9635c6b6f2804f5e38b586d51459e3cc97190"}
,"C:\\Users\\davo2\\task-manager-testing-lab\\src\\components\\TaskCard.tsx": {"path":"C:\\Users\\davo2\\task-manager-testing-lab\\src\\components\\TaskCard.tsx","statementMap":{"0":{"start":{"line":12,"column":15},"end":{"line":12,"column":42}},"1":{"start":{"line":13,"column":2},"end":{"line":34,"column":4}},"2":{"start":{"line":18,"column":23},"end":{"line":18,"column":40}},"3":{"start":{"line":27,"column":23},"end":{"line":27,"column":40}}},"fnMap":{"0":{"name":"TaskCard","decl":{"start":{"line":11,"column":16},"end":{"line":11,"column":24}},"loc":{"start":{"line":11,"column":81},"end":{"line":35,"column":1}},"line":11},"1":{"name":"(anonymous_1)","decl":{"start":{"line":11,"column":54},"end":{"line":11,"column":55}},"loc":{"start":{"line":11,"column":60},"end":{"line":11,"column":62}},"line":11},"2":{"name":"(anonymous_2)","decl":{"start":{"line":18,"column":17},"end":{"line":18,"column":18}},"loc":{"start":{"line":18,"column":23},"end":{"line":18,"column":40}},"line":18},"3":{"name":"(anonymous_3)","decl":{"start":{"line":27,"column":17},"end":{"line":27,"column":18}},"loc":{"start":{"line":27,"column":23},"end":{"line":27,"column":40}},"line":27}},"branchMap":{"0":{"loc":{"start":{"line":11,"column":43},"end":{"line":11,"column":62}},"type":"default-arg","locations":[{"start":{"line":11,"column":54},"end":{"line":11,"column":62}}],"line":11},"1":{"loc":{"start":{"line":20,"column":63},"end":{"line":20,"column":96}},"type":"cond-expr","locations":[{"start":{"line":20,"column":70},"end":{"line":20,"column":81}},{"start":{"line":20,"column":84},"end":{"line":20,"column":96}}],"line":20},"2":{"loc":{"start":{"line":22,"column":41},"end":{"line":22,"column":82}},"type":"cond-expr","locations":[{"start":{"line":22,"column":48},"end":{"line":22,"column":64}},{"start":{"line":22,"column":67},"end":{"line":22,"column":82}}],"line":22},"3":{"loc":{"start":{"line":23,"column":11},"end":{"line":23,"column":48}},"type":"cond-expr","locations":[{"start":{"line":23,"column":18},"end":{"line":23,"column":32}},{"start":{"line":23,"column":35},"end":{"line":23,"column":48}}],"line":23}},"s":{"0":24,"1":24,"2":2,"3":2},"f":{"0":24,"1":0,"2":2,"3":2},"b":{"0":[11],"1":[6,18],"2":[6,18],"3":[6,18]},"_coverageSchema":"1a1c01bbd47fc00a2c39e90264f33305004495a9","hash":"125b73fa8de3696bf83fe5a2282ad22ce5484338"}
,"C:\\Users\\davo2\\task-manager-testing-lab\\src\\components\\TaskForm.tsx": {"path":"C:\\Users\\davo2\\task-manager-testing-lab\\src\\components\\TaskForm.tsx","statementMap":{"0":{"start":{"line":9,"column":28},"end":{"line":9,"column":40}},"1":{"start":{"line":11,"column":23},"end":{"line":15,"column":3}},"2":{"start":{"line":12,"column":4},"end":{"line":12,"column":30}},"3":{"start":{"line":12,"column":23},"end":{"line":12,"column":30}},"4":{"start":{"line":13,"column":4},"end":{"line":13,"column":20}},"5":{"start":{"line":14,"column":4},"end":{"line":14,"column":17}},"6":{"start":{"line":17,"column":2},"end":{"line":38,"column":4}}},"fnMap":{"0":{"name":"TaskForm","decl":{"start":{"line":8,"column":16},"end":{"line":8,"column":24}},"loc":{"start":{"line":8,"column":54},"end":{"line":39,"column":1}},"line":8},"1":{"name":"(anonymous_1)","decl":{"start":{"line":11,"column":23},"end":{"line":11,"column":24}},"loc":{"start":{"line":11,"column":29},"end":{"line":15,"column":3}},"line":11}},"branchMap":{"0":{"loc":{"start":{"line":12,"column":4},"end":{"line":12,"column":30}},"type":"if","locations":[{"start":{"line":12,"column":4},"end":{"line":12,"column":30}},{"start":{},"end":{}}],"line":12}},"s":{"0":37,"1":37,"2":11,"3":3,"4":8,"5":8,"6":37},"f":{"0":37,"1":11},"b":{"0":[3,8]},"_coverageSchema":"1a1c01bbd47fc00a2c39e90264f33305004495a9","hash":"1f78540288c801798e5e3384e408b7cf4bec2616"}
,"C:\\Users\\davo2\\task-manager-testing-lab\\src\\components\\TaskList.tsx": {"path":"C:\\Users\\davo2\\task-manager-testing-lab\\src\\components\\TaskList.tsx","statementMap":{"0":{"start":{"line":13,"column":2},"end":{"line":15,"column":3}},"1":{"start":{"line":14,"column":4},"end":{"line":14,"column":95}},"2":{"start":{"line":17,"column":2},"end":{"line":30,"column":4}},"3":{"start":{"line":26,"column":29},"end":{"line":26,"column":33}},"4":{"start":{"line":27,"column":34},"end":{"line":27,"column":98}}},"fnMap":{"0":{"name":"TaskList","decl":{"start":{"line":12,"column":16},"end":{"line":12,"column":24}},"loc":{"start":{"line":12,"column":93},"end":{"line":31,"column":1}},"line":12},"1":{"name":"(anonymous_1)","decl":{"start":{"line":12,"column":45},"end":{"line":12,"column":46}},"loc":{"start":{"line":12,"column":51},"end":{"line":12,"column":53}},"line":12},"2":{"name":"(anonymous_2)","decl":{"start":{"line":12,"column":66},"end":{"line":12,"column":67}},"loc":{"start":{"line":12,"column":72},"end":{"line":12,"column":74}},"line":12},"3":{"name":"(anonymous_3)","decl":{"start":{"line":26,"column":22},"end":{"line":26,"column":23}},"loc":{"start":{"line":26,"column":29},"end":{"line":26,"column":33}},"line":26},"4":{"name":"(anonymous_4)","decl":{"start":{"line":27,"column":20},"end":{"line":27,"column":21}},"loc":{"start":{"line":27,"column":34},"end":{"line":27,"column":98}},"line":27}},"branchMap":{"0":{"loc":{"start":{"line":12,"column":34},"end":{"line":12,"column":53}},"type":"default-arg","locations":[{"start":{"line":12,"column":45},"end":{"line":12,"column":53}}],"line":12},"1":{"loc":{"start":{"line":12,"column":55},"end":{"line":12,"column":74}},"type":"default-arg","locations":[{"start":{"line":12,"column":66},"end":{"line":12,"column":74}}],"line":12},"2":{"loc":{"start":{"line":13,"column":2},"end":{"line":15,"column":3}},"type":"if","locations":[{"start":{"line":13,"column":2},"end":{"line":15,"column":3}},{"start":{},"end":{}}],"line":13},"3":{"loc":{"start":{"line":20,"column":9},"end":{"line":20,"column":66}},"type":"cond-expr","locations":[{"start":{"line":20,"column":30},"end":{"line":20,"column":39}},{"start":{"line":20,"column":42},"end":{"line":20,"column":66}}],"line":20}},"s":{"0":20,"1":8,"2":12,"3":21,"4":13},"f":{"0":20,"1":0,"2":0,"3":21,"4":13},"b":{"0":[3],"1":[3],"2":[8,12],"3":[11,1]},"_coverageSchema":"1a1c01bbd47fc00a2c39e90264f33305004495a9","hash":"30307867efc0e37072a82525829322c7b1759f00"}
,"C:\\Users\\davo2\\task-manager-testing-lab\\src\\components\\UserInfoSection.tsx": {"path":"C:\\Users\\davo2\\task-manager-testing-lab\\src\\components\\UserInfoSection.tsx","statementMap":{"0":{"start":{"line":18,"column":2},"end":{"line":49,"column":4}},"1":{"start":{"line":27,"column":29},"end":{"line":27,"column":50}},"2":{"start":{"line":37,"column":29},"end":{"line":37,"column":49}},"3":{"start":{"line":46,"column":29},"end":{"line":46,"column":52}}},"fnMap":{"0":{"name":"UserInfoSection","decl":{"start":{"line":17,"column":16},"end":{"line":17,"column":31}},"loc":{"start":{"line":17,"column":74},"end":{"line":50,"column":1}},"line":17},"1":{"name":"(anonymous_1)","decl":{"start":{"line":27,"column":22},"end":{"line":27,"column":23}},"loc":{"start":{"line":27,"column":29},"end":{"line":27,"column":50}},"line":27},"2":{"name":"(anonymous_2)","decl":{"start":{"line":37,"column":22},"end":{"line":37,"column":23}},"loc":{"start":{"line":37,"column":29},"end":{"line":37,"column":49}},"line":37},"3":{"name":"(anonymous_3)","decl":{"start":{"line":46,"column":22},"end":{"line":46,"column":23}},"loc":{"start":{"line":46,"column":29},"end":{"line":46,"column":52}},"line":46}},"branchMap":{"0":{"loc":{"start":{"line":17,"column":52},"end":{"line":17,"column":63}},"type":"default-arg","locations":[{"start":{"line":17,"column":61},"end":{"line":17,"column":63}}],"line":17}},"s":{"0":0,"1":0,"2":0,"3":0},"f":{"0":0,"1":0,"2":0,"3":0},"b":{"0":[0]}}
,"C:\\Users\\davo2\\task-manager-testing-lab\\src\\hooks\\useCounter.ts": {"path":"C:\\Users\\davo2\\task-manager-testing-lab\\src\\hooks\\useCounter.ts","statementMap":{"0":{"start":{"line":4,"column":28},"end":{"line":4,"column":50}},"1":{"start":{"line":6,"column":20},"end":{"line":6,"column":54}},"2":{"start":{"line":6,"column":26},"end":{"line":6,"column":54}},"3":{"start":{"line":6,"column":45},"end":{"line":6,"column":53}},"4":{"start":{"line":7,"column":20},"end":{"line":7,"column":54}},"5":{"start":{"line":7,"column":26},"end":{"line":7,"column":54}},"6":{"start":{"line":7,"column":45},"end":{"line":7,"column":53}},"7":{"start":{"line":8,"column":16},"end":{"line":8,"column":44}},"8":{"start":{"line":8,"column":22},"end":{"line":8,"column":44}},"9":{"start":{"line":10,"column":2},"end":{"line":10,"column":48}}},"fnMap":{"0":{"name":"useCounter","decl":{"start":{"line":3,"column":16},"end":{"line":3,"column":26}},"loc":{"start":{"line":3,"column":53},"end":{"line":11,"column":1}},"line":3},"1":{"name":"(anonymous_1)","decl":{"start":{"line":6,"column":20},"end":{"line":6,"column":21}},"loc":{"start":{"line":6,"column":26},"end":{"line":6,"column":54}},"line":6},"2":{"name":"(anonymous_2)","decl":{"start":{"line":6,"column":35},"end":{"line":6,"column":36}},"loc":{"start":{"line":6,"column":45},"end":{"line":6,"column":53}},"line":6},"3":{"name":"(anonymous_3)","decl":{"start":{"line":7,"column":20},"end":{"line":7,"column":21}},"loc":{"start":{"line":7,"column":26},"end":{"line":7,"column":54}},"line":7},"4":{"name":"(anonymous_4)","decl":{"start":{"line":7,"column":35},"end":{"line":7,"column":36}},"loc":{"start":{"line":7,"column":45},"end":{"line":7,"column":53}},"line":7},"5":{"name":"(anonymous_5)","decl":{"start":{"line":8,"column":16},"end":{"line":8,"column":17}},"loc":{"start":{"line":8,"column":22},"end":{"line":8,"column":44}},"line":8}},"branchMap":{"0":{"loc":{"start":{"line":3,"column":27},"end":{"line":3,"column":51}},"type":"default-arg","locations":[{"start":{"line":3,"column":50},"end":{"line":3,"column":51}}],"line":3}},"s":{"0":9,"1":9,"2":3,"3":3,"4":9,"5":1,"6":1,"7":9,"8":1,"9":9},"f":{"0":9,"1":3,"2":3,"3":1,"4":1,"5":1},"b":{"0":[3]},"_coverageSchema":"1a1c01bbd47fc00a2c39e90264f33305004495a9","hash":"bba3fd9616e3997b488a5caeb3a17100ee920adf"}
,"C:\\Users\\davo2\\task-manager-testing-lab\\src\\hooks\\useCreateTask.ts": {"path":"C:\\Users\\davo2\\task-manager-testing-lab\\src\\hooks\\useCreateTask.ts","statementMap":{"0":{"start":{"line":6,"column":20},"end":{"line":6,"column":27}},"1":{"start":{"line":9,"column":30},"end":{"line":9,"column":66}},"2":{"start":{"line":10,"column":28},"end":{"line":10,"column":48}},"3":{"start":{"line":11,"column":40},"end":{"line":11,"column":69}},"4":{"start":{"line":12,"column":40},"end":{"line":12,"column":69}},"5":{"start":{"line":13,"column":17},"end":{"line":13,"column":30}},"6":{"start":{"line":15,"column":2},"end":{"line":24,"column":9}},"7":{"start":{"line":16,"column":4},"end":{"line":23,"column":9}},"8":{"start":{"line":18,"column":8},"end":{"line":18,"column":43}},"9":{"start":{"line":18,"column":17},"end":{"line":18,"column":43}},"10":{"start":{"line":22,"column":8},"end":{"line":22,"column":30}},"11":{"start":{"line":26,"column":2},"end":{"line":30,"column":14}},"12":{"start":{"line":28,"column":4},"end":{"line":28,"column":32}},"13":{"start":{"line":28,"column":25},"end":{"line":28,"column":32}},"14":{"start":{"line":29,"column":4},"end":{"line":29,"column":77}},"15":{"start":{"line":32,"column":17},"end":{"line":51,"column":3}},"16":{"start":{"line":33,"column":23},"end":{"line":38,"column":5}},"17":{"start":{"line":39,"column":4},"end":{"line":39,"column":25}},"18":{"start":{"line":40,"column":4},"end":{"line":40,"column":40}},"19":{"start":{"line":40,"column":23},"end":{"line":40,"column":38}},"20":{"start":{"line":41,"column":4},"end":{"line":41,"column":25}},"21":{"start":{"line":46,"column":4},"end":{"line":50,"column":5}},"22":{"start":{"line":47,"column":6},"end":{"line":47,"column":30}},"23":{"start":{"line":49,"column":6},"end":{"line":49,"column":72}},"24":{"start":{"line":53,"column":21},"end":{"line":55,"column":3}},"25":{"start":{"line":54,"column":4},"end":{"line":54,"column":56}},"26":{"start":{"line":54,"column":23},"end":{"line":54,"column":54}},"27":{"start":{"line":54,"column":42},"end":{"line":54,"column":53}},"28":{"start":{"line":57,"column":21},"end":{"line":71,"column":3}},"29":{"start":{"line":58,"column":20},"end":{"line":58,"column":50}},"30":{"start":{"line":58,"column":38},"end":{"line":58,"column":49}},"31":{"start":{"line":59,"column":4},"end":{"line":59,"column":25}},"32":{"start":{"line":59,"column":18},"end":{"line":59,"column":25}},"33":{"start":{"line":60,"column":23},"end":{"line":60,"column":79}},"34":{"start":{"line":61,"column":4},"end":{"line":61,"column":25}},"35":{"start":{"line":62,"column":4},"end":{"line":64,"column":6}},"36":{"start":{"line":63,"column":6},"end":{"line":63,"column":71}},"37":{"start":{"line":63,"column":23},"end":{"line":63,"column":69}},"38":{"start":{"line":68,"column":4},"end":{"line":70,"column":7}},"39":{"start":{"line":69,"column":6},"end":{"line":69,"column":73}},"40":{"start":{"line":73,"column":2},"end":{"line":73,"column":85}}},"fnMap":{"0":{"name":"useCreateTask","decl":{"start":{"line":8,"column":16},"end":{"line":8,"column":29}},"loc":{"start":{"line":8,"column":32},"end":{"line":74,"column":1}},"line":8},"1":{"name":"(anonymous_1)","decl":{"start":{"line":15,"column":12},"end":{"line":15,"column":13}},"loc":{"start":{"line":15,"column":18},"end":{"line":24,"column":3}},"line":15},"2":{"name":"(anonymous_2)","decl":{"start":{"line":17,"column":12},"end":{"line":17,"column":13}},"loc":{"start":{"line":17,"column":21},"end":{"line":19,"column":7}},"line":17},"3":{"name":"(anonymous_3)","decl":{"start":{"line":20,"column":13},"end":{"line":20,"column":14}},"loc":{"start":{"line":20,"column":19},"end":{"line":20,"column":21}},"line":20},"4":{"name":"(anonymous_4)","decl":{"start":{"line":21,"column":15},"end":{"line":21,"column":16}},"loc":{"start":{"line":21,"column":21},"end":{"line":23,"column":7}},"line":21},"5":{"name":"(anonymous_5)","decl":{"start":{"line":26,"column":12},"end":{"line":26,"column":13}},"loc":{"start":{"line":26,"column":18},"end":{"line":30,"column":3}},"line":26},"6":{"name":"(anonymous_6)","decl":{"start":{"line":29,"column":67},"end":{"line":29,"column":68}},"loc":{"start":{"line":29,"column":73},"end":{"line":29,"column":75}},"line":29},"7":{"name":"(anonymous_7)","decl":{"start":{"line":32,"column":17},"end":{"line":32,"column":18}},"loc":{"start":{"line":32,"column":42},"end":{"line":51,"column":3}},"line":32},"8":{"name":"(anonymous_8)","decl":{"start":{"line":40,"column":13},"end":{"line":40,"column":14}},"loc":{"start":{"line":40,"column":23},"end":{"line":40,"column":38}},"line":40},"9":{"name":"(anonymous_9)","decl":{"start":{"line":53,"column":21},"end":{"line":53,"column":22}},"loc":{"start":{"line":53,"column":37},"end":{"line":55,"column":3}},"line":53},"10":{"name":"(anonymous_10)","decl":{"start":{"line":54,"column":13},"end":{"line":54,"column":14}},"loc":{"start":{"line":54,"column":23},"end":{"line":54,"column":54}},"line":54},"11":{"name":"(anonymous_11)","decl":{"start":{"line":54,"column":35},"end":{"line":54,"column":36}},"loc":{"start":{"line":54,"column":42},"end":{"line":54,"column":53}},"line":54},"12":{"name":"(anonymous_12)","decl":{"start":{"line":57,"column":21},"end":{"line":57,"column":22}},"loc":{"start":{"line":57,"column":37},"end":{"line":71,"column":3}},"line":57},"13":{"name":"(anonymous_13)","decl":{"start":{"line":58,"column":31},"end":{"line":58,"column":32}},"loc":{"start":{"line":58,"column":38},"end":{"line":58,"column":49}},"line":58},"14":{"name":"(anonymous_14)","decl":{"start":{"line":62,"column":13},"end":{"line":62,"column":14}},"loc":{"start":{"line":63,"column":6},"end":{"line":63,"column":71}},"line":63},"15":{"name":"(anonymous_15)","decl":{"start":{"line":63,"column":15},"end":{"line":63,"column":16}},"loc":{"start":{"line":63,"column":23},"end":{"line":63,"column":69}},"line":63},"16":{"name":"(anonymous_16)","decl":{"start":{"line":68,"column":43},"end":{"line":68,"column":44}},"loc":{"start":{"line":68,"column":49},"end":{"line":70,"column":5}},"line":68}},"branchMap":{"0":{"loc":{"start":{"line":18,"column":8},"end":{"line":18,"column":43}},"type":"if","locations":[{"start":{"line":18,"column":8},"end":{"line":18,"column":43}},{"start":{},"end":{}}],"line":18},"1":{"loc":{"start":{"line":28,"column":4},"end":{"line":28,"column":32}},"type":"if","locations":[{"start":{"line":28,"column":4},"end":{"line":28,"column":32}},{"start":{},"end":{}}],"line":28},"2":{"loc":{"start":{"line":59,"column":4},"end":{"line":59,"column":25}},"type":"if","locations":[{"start":{"line":59,"column":4},"end":{"line":59,"column":25}},{"start":{},"end":{}}],"line":59},"3":{"loc":{"start":{"line":60,"column":23},"end":{"line":60,"column":79}},"type":"cond-expr","locations":[{"start":{"line":60,"column":56},"end":{"line":60,"column":65}},{"start":{"line":60,"column":68},"end":{"line":60,"column":79}}],"line":60},"4":{"loc":{"start":{"line":63,"column":23},"end":{"line":63,"column":69}},"type":"cond-expr","locations":[{"start":{"line":63,"column":37},"end":{"line":63,"column":65}},{"start":{"line":63,"column":68},"end":{"line":63,"column":69}}],"line":63}},"s":{"0":2,"1":35,"2":35,"3":35,"4":35,"5":35,"6":35,"7":14,"8":14,"9":3,"10":14,"11":35,"12":33,"13":14,"14":19,"15":35,"16":10,"17":10,"18":10,"19":10,"20":10,"21":10,"22":10,"23":1,"24":35,"25":1,"26":1,"27":1,"28":35,"29":5,"30":5,"31":5,"32":0,"33":5,"34":5,"35":5,"36":5,"37":5,"38":5,"39":1,"40":35},"f":{"0":35,"1":14,"2":14,"3":0,"4":14,"5":33,"6":0,"7":10,"8":10,"9":1,"10":1,"11":1,"12":5,"13":5,"14":5,"15":5,"16":1},"b":{"0":[3,11],"1":[14,19],"2":[0,5],"3":[1,4],"4":[5,0]},"_coverageSchema":"1a1c01bbd47fc00a2c39e90264f33305004495a9","hash":"55ffbf4b4470957eceee4a97f172e16668e275ac"}
,"C:\\Users\\davo2\\task-manager-testing-lab\\src\\hooks\\useTaskList.ts": {"path":"C:\\Users\\davo2\\task-manager-testing-lab\\src\\hooks\\useTaskList.ts","statementMap":{"0":{"start":{"line":5,"column":28},"end":{"line":5,"column":58}},"1":{"start":{"line":6,"column":28},"end":{"line":6,"column":57}},"2":{"start":{"line":8,"column":18},"end":{"line":20,"column":3}},"3":{"start":{"line":9,"column":4},"end":{"line":12,"column":5}},"4":{"start":{"line":10,"column":6},"end":{"line":10,"column":49}},"5":{"start":{"line":11,"column":6},"end":{"line":11,"column":13}},"6":{"start":{"line":13,"column":4},"end":{"line":13,"column":19}},"7":{"start":{"line":14,"column":26},"end":{"line":18,"column":5}},"8":{"start":{"line":19,"column":4},"end":{"line":19,"column":43}},"9":{"start":{"line":19,"column":23},"end":{"line":19,"column":41}},"10":{"start":{"line":22,"column":21},"end":{"line":24,"column":3}},"11":{"start":{"line":23,"column":4},"end":{"line":23,"column":62}},"12":{"start":{"line":23,"column":23},"end":{"line":23,"column":60}},"13":{"start":{"line":23,"column":45},"end":{"line":23,"column":59}},"14":{"start":{"line":26,"column":20},"end":{"line":26,"column":32}},"15":{"start":{"line":28,"column":2},"end":{"line":28,"column":58}}},"fnMap":{"0":{"name":"useTaskList","decl":{"start":{"line":4,"column":16},"end":{"line":4,"column":27}},"loc":{"start":{"line":4,"column":55},"end":{"line":29,"column":1}},"line":4},"1":{"name":"(anonymous_1)","decl":{"start":{"line":8,"column":18},"end":{"line":8,"column":19}},"loc":{"start":{"line":8,"column":37},"end":{"line":20,"column":3}},"line":8},"2":{"name":"(anonymous_2)","decl":{"start":{"line":19,"column":13},"end":{"line":19,"column":14}},"loc":{"start":{"line":19,"column":23},"end":{"line":19,"column":41}},"line":19},"3":{"name":"(anonymous_3)","decl":{"start":{"line":22,"column":21},"end":{"line":22,"column":22}},"loc":{"start":{"line":22,"column":37},"end":{"line":24,"column":3}},"line":22},"4":{"name":"(anonymous_4)","decl":{"start":{"line":23,"column":13},"end":{"line":23,"column":14}},"loc":{"start":{"line":23,"column":23},"end":{"line":23,"column":60}},"line":23},"5":{"name":"(anonymous_5)","decl":{"start":{"line":23,"column":35},"end":{"line":23,"column":36}},"loc":{"start":{"line":23,"column":45},"end":{"line":23,"column":59}},"line":23}},"branchMap":{"0":{"loc":{"start":{"line":4,"column":28},"end":{"line":4,"column":53}},"type":"default-arg","locations":[{"start":{"line":4,"column":51},"end":{"line":4,"column":53}}],"line":4},"1":{"loc":{"start":{"line":9,"column":4},"end":{"line":12,"column":5}},"type":"if","locations":[{"start":{"line":9,"column":4},"end":{"line":12,"column":5}},{"start":{},"end":{}}],"line":9}},"s":{"0":10,"1":10,"2":10,"3":4,"4":2,"5":2,"6":2,"7":2,"8":2,"9":2,"10":10,"11":1,"12":1,"13":2,"14":10,"15":10},"f":{"0":10,"1":4,"2":2,"3":1,"4":1,"5":2},"b":{"0":[8],"1":[2,2]},"_coverageSchema":"1a1c01bbd47fc00a2c39e90264f33305004495a9","hash":"041cc6f849315dd8fa45c4a4268162c8c4cbf253"}
,"C:\\Users\\davo2\\task-manager-testing-lab\\src\\schemas\\checkoutSchema.ts": {"path":"C:\\Users\\davo2\\task-manager-testing-lab\\src\\schemas\\checkoutSchema.ts","statementMap":{"0":{"start":{"line":4,"column":20},"end":{"line":4,"column":38}},"1":{"start":{"line":5,"column":21},"end":{"line":5,"column":28}},"2":{"start":{"line":6,"column":14},"end":{"line":6,"column":40}},"3":{"start":{"line":8,"column":30},"end":{"line":15,"column":2}},"4":{"start":{"line":21,"column":17},"end":{"line":21,"column":49}},"5":{"start":{"line":22,"column":2},"end":{"line":22,"column":32}},"6":{"start":{"line":22,"column":22},"end":{"line":22,"column":32}},"7":{"start":{"line":23,"column":2},"end":{"line":25,"column":4}},"8":{"start":{"line":24,"column":78},"end":{"line":24,"column":96}}},"fnMap":{"0":{"name":"validateCheckout","decl":{"start":{"line":20,"column":16},"end":{"line":20,"column":32}},"loc":{"start":{"line":20,"column":106},"end":{"line":26,"column":1}},"line":20},"1":{"name":"(anonymous_1)","decl":{"start":{"line":24,"column":59},"end":{"line":24,"column":60}},"loc":{"start":{"line":24,"column":78},"end":{"line":24,"column":96}},"line":24}},"branchMap":{"0":{"loc":{"start":{"line":22,"column":2},"end":{"line":22,"column":32}},"type":"if","locations":[{"start":{"line":22,"column":2},"end":{"line":22,"column":32}},{"start":{},"end":{}}],"line":22}},"s":{"0":1,"1":1,"2":1,"3":1,"4":29,"5":29,"6":5,"7":24,"8":29},"f":{"0":29,"1":29},"b":{"0":[5,24]},"_coverageSchema":"1a1c01bbd47fc00a2c39e90264f33305004495a9","hash":"df2e14f8e6f542209d0263062984c434e86fcd28"}
,"C:\\Users\\davo2\\task-manager-testing-lab\\src\\schemas\\taskSchema.ts": {"path":"C:\\Users\\davo2\\task-manager-testing-lab\\src\\schemas\\taskSchema.ts","statementMap":{"0":{"start":{"line":3,"column":26},"end":{"line":8,"column":2}},"1":{"start":{"line":10,"column":30},"end":{"line":10,"column":49}}},"fnMap":{},"branchMap":{},"s":{"0":1,"1":1},"f":{},"b":{},"_coverageSchema":"1a1c01bbd47fc00a2c39e90264f33305004495a9","hash":"bc4fe15e2308af74a6890ccb452c7b57ca088e8b"}
,"C:\\Users\\davo2\\task-manager-testing-lab\\src\\screens\\CheckoutScreen.tsx": {"path":"C:\\Users\\davo2\\task-manager-testing-lab\\src\\screens\\CheckoutScreen.tsx","statementMap":{"0":{"start":{"line":10,"column":28},"end":{"line":10,"column":67}},"1":{"start":{"line":11,"column":36},"end":{"line":11,"column":83}},"2":{"start":{"line":12,"column":34},"end":{"line":12,"column":94}},"3":{"start":{"line":14,"column":18},"end":{"line":15,"column":81}},"4":{"start":{"line":15,"column":2},"end":{"line":15,"column":81}},"5":{"start":{"line":15,"column":22},"end":{"line":15,"column":80}},"6":{"start":{"line":15,"column":52},"end":{"line":15,"column":79}},"7":{"start":{"line":18,"column":17},"end":{"line":18,"column":36}},"8":{"start":{"line":19,"column":26},"end":{"line":19,"column":45}},"9":{"start":{"line":20,"column":34},"end":{"line":20,"column":57}},"10":{"start":{"line":21,"column":32},"end":{"line":21,"column":54}},"11":{"start":{"line":22,"column":30},"end":{"line":22,"column":76}},"12":{"start":{"line":23,"column":30},"end":{"line":23,"column":78}},"13":{"start":{"line":25,"column":17},"end":{"line":35,"column":3}},"14":{"start":{"line":26,"column":4},"end":{"line":30,"column":5}},"15":{"start":{"line":27,"column":6},"end":{"line":27,"column":20}},"16":{"start":{"line":28,"column":6},"end":{"line":28,"column":25}},"17":{"start":{"line":29,"column":6},"end":{"line":29,"column":13}},"18":{"start":{"line":32,"column":18},"end":{"line":32,"column":72}},"19":{"start":{"line":33,"column":4},"end":{"line":33,"column":21}},"20":{"start":{"line":34,"column":4},"end":{"line":34,"column":66}},"21":{"start":{"line":37,"column":2},"end":{"line":93,"column":4}},"22":{"start":{"line":49,"column":28},"end":{"line":49,"column":62}},"23":{"start":{"line":49,"column":44},"end":{"line":49,"column":60}},"24":{"start":{"line":54,"column":28},"end":{"line":54,"column":66}},"25":{"start":{"line":54,"column":48},"end":{"line":54,"column":64}},"26":{"start":{"line":59,"column":28},"end":{"line":59,"column":65}},"27":{"start":{"line":59,"column":47},"end":{"line":59,"column":63}},"28":{"start":{"line":86,"column":36},"end":{"line":86,"column":54}}},"fnMap":{"0":{"name":"(anonymous_0)","decl":{"start":{"line":14,"column":18},"end":{"line":14,"column":19}},"loc":{"start":{"line":15,"column":2},"end":{"line":15,"column":81}},"line":15},"1":{"name":"(anonymous_1)","decl":{"start":{"line":15,"column":15},"end":{"line":15,"column":16}},"loc":{"start":{"line":15,"column":22},"end":{"line":15,"column":80}},"line":15},"2":{"name":"(anonymous_2)","decl":{"start":{"line":15,"column":45},"end":{"line":15,"column":46}},"loc":{"start":{"line":15,"column":52},"end":{"line":15,"column":79}},"line":15},"3":{"name":"CheckoutScreen","decl":{"start":{"line":17,"column":16},"end":{"line":17,"column":30}},"loc":{"start":{"line":17,"column":33},"end":{"line":94,"column":1}},"line":17},"4":{"name":"(anonymous_4)","decl":{"start":{"line":25,"column":17},"end":{"line":25,"column":18}},"loc":{"start":{"line":25,"column":23},"end":{"line":35,"column":3}},"line":25},"5":{"name":"(anonymous_5)","decl":{"start":{"line":49,"column":18},"end":{"line":49,"column":19}},"loc":{"start":{"line":49,"column":28},"end":{"line":49,"column":62}},"line":49},"6":{"name":"(anonymous_6)","decl":{"start":{"line":49,"column":36},"end":{"line":49,"column":37}},"loc":{"start":{"line":49,"column":44},"end":{"line":49,"column":60}},"line":49},"7":{"name":"(anonymous_7)","decl":{"start":{"line":54,"column":18},"end":{"line":54,"column":19}},"loc":{"start":{"line":54,"column":28},"end":{"line":54,"column":66}},"line":54},"8":{"name":"(anonymous_8)","decl":{"start":{"line":54,"column":40},"end":{"line":54,"column":41}},"loc":{"start":{"line":54,"column":48},"end":{"line":54,"column":64}},"line":54},"9":{"name":"(anonymous_9)","decl":{"start":{"line":59,"column":18},"end":{"line":59,"column":19}},"loc":{"start":{"line":59,"column":28},"end":{"line":59,"column":65}},"line":59},"10":{"name":"(anonymous_10)","decl":{"start":{"line":59,"column":39},"end":{"line":59,"column":40}},"loc":{"start":{"line":59,"column":47},"end":{"line":59,"column":63}},"line":59},"11":{"name":"(anonymous_11)","decl":{"start":{"line":86,"column":30},"end":{"line":86,"column":31}},"loc":{"start":{"line":86,"column":36},"end":{"line":86,"column":54}},"line":86}},"branchMap":{"0":{"loc":{"start":{"line":26,"column":4},"end":{"line":30,"column":5}},"type":"if","locations":[{"start":{"line":26,"column":4},"end":{"line":30,"column":5}},{"start":{},"end":{}}],"line":26},"1":{"loc":{"start":{"line":34,"column":14},"end":{"line":34,"column":64}},"type":"cond-expr","locations":[{"start":{"line":34,"column":46},"end":{"line":34,"column":52}},{"start":{"line":34,"column":55},"end":{"line":34,"column":64}}],"line":34},"2":{"loc":{"start":{"line":62,"column":7},"end":{"line":66,"column":7}},"type":"binary-expr","locations":[{"start":{"line":62,"column":7},"end":{"line":62,"column":25}},{"start":{"line":63,"column":8},"end":{"line":65,"column":15}}],"line":62},"3":{"loc":{"start":{"line":67,"column":7},"end":{"line":71,"column":7}},"type":"binary-expr","locations":[{"start":{"line":67,"column":7},"end":{"line":67,"column":27}},{"start":{"line":68,"column":8},"end":{"line":70,"column":15}}],"line":67},"4":{"loc":{"start":{"line":83,"column":5},"end":{"line":91,"column":5}},"type":"binary-expr","locations":[{"start":{"line":83,"column":5},"end":{"line":83,"column":26}},{"start":{"line":84,"column":6},"end":{"line":90,"column":27}}],"line":83}},"s":{"0":0,"1":0,"2":0,"3":0,"4":0,"5":0,"6":0,"7":0,"8":0,"9":0,"10":0,"11":0,"12":0,"13":0,"14":0,"15":0,"16":0,"17":0,"18":0,"19":0,"20":0,"21":0,"22":0,"23":0,"24":0,"25":0,"26":0,"27":0,"28":0},"f":{"0":0,"1":0,"2":0,"3":0,"4":0,"5":0,"6":0,"7":0,"8":0,"9":0,"10":0,"11":0},"b":{"0":[0,0],"1":[0,0],"2":[0,0],"3":[0,0],"4":[0,0]}}
,"C:\\Users\\davo2\\task-manager-testing-lab\\src\\screens\\CreateTaskScreen.tsx": {"path":"C:\\Users\\davo2\\task-manager-testing-lab\\src\\screens\\CreateTaskScreen.tsx","statementMap":{"0":{"start":{"line":10,"column":58},"end":{"line":14,"column":1}},"1":{"start":{"line":17,"column":86},"end":{"line":17,"column":101}},"2":{"start":{"line":18,"column":17},"end":{"line":18,"column":36}},"3":{"start":{"line":19,"column":44},"end":{"line":19,"column":73}},"4":{"start":{"line":20,"column":30},"end":{"line":20,"column":59}},"5":{"start":{"line":22,"column":22},"end":{"line":22,"column":63}},"6":{"start":{"line":22,"column":40},"end":{"line":22,"column":62}},"7":{"start":{"line":23,"column":23},"end":{"line":23,"column":57}},"8":{"start":{"line":25,"column":2},"end":{"line":76,"column":4}},"9":{"start":{"line":49,"column":25},"end":{"line":49,"column":43}},"10":{"start":{"line":50,"column":10},"end":{"line":62,"column":12}},"11":{"start":{"line":53,"column":29},"end":{"line":53,"column":47}},"12":{"start":{"line":69,"column":24},"end":{"line":69,"column":46}},"13":{"start":{"line":71,"column":10},"end":{"line":71,"column":55}},"14":{"start":{"line":71,"column":29},"end":{"line":71,"column":55}},"15":{"start":{"line":72,"column":10},"end":{"line":72,"column":33}}},"fnMap":{"0":{"name":"CreateTaskScreen","decl":{"start":{"line":16,"column":16},"end":{"line":16,"column":32}},"loc":{"start":{"line":16,"column":35},"end":{"line":77,"column":1}},"line":16},"1":{"name":"(anonymous_1)","decl":{"start":{"line":22,"column":33},"end":{"line":22,"column":34}},"loc":{"start":{"line":22,"column":40},"end":{"line":22,"column":62}},"line":22},"2":{"name":"(anonymous_2)","decl":{"start":{"line":48,"column":21},"end":{"line":48,"column":22}},"loc":{"start":{"line":48,"column":28},"end":{"line":63,"column":9}},"line":48},"3":{"name":"(anonymous_3)","decl":{"start":{"line":53,"column":23},"end":{"line":53,"column":24}},"loc":{"start":{"line":53,"column":29},"end":{"line":53,"column":47}},"line":53},"4":{"name":"(anonymous_4)","decl":{"start":{"line":69,"column":18},"end":{"line":69,"column":19}},"loc":{"start":{"line":69,"column":24},"end":{"line":69,"column":46}},"line":69},"5":{"name":"(anonymous_5)","decl":{"start":{"line":70,"column":19},"end":{"line":70,"column":20}},"loc":{"start":{"line":70,"column":25},"end":{"line":73,"column":9}},"line":70}},"branchMap":{"0":{"loc":{"start":{"line":32,"column":7},"end":{"line":36,"column":7}},"type":"binary-expr","locations":[{"start":{"line":32,"column":7},"end":{"line":32,"column":27}},{"start":{"line":33,"column":8},"end":{"line":35,"column":15}}],"line":32},"1":{"loc":{"start":{"line":37,"column":7},"end":{"line":41,"column":7}},"type":"binary-expr","locations":[{"start":{"line":37,"column":7},"end":{"line":37,"column":18}},{"start":{"line":38,"column":8},"end":{"line":40,"column":15}}],"line":37},"2":{"loc":{"start":{"line":42,"column":7},"end":{"line":46,"column":7}},"type":"binary-expr","locations":[{"start":{"line":42,"column":7},"end":{"line":42,"column":18}},{"start":{"line":43,"column":8},"end":{"line":45,"column":15}}],"line":42},"3":{"loc":{"start":{"line":56,"column":51},"end":{"line":56,"column":89}},"type":"cond-expr","locations":[{"start":{"line":56,"column":60},"end":{"line":56,"column":73}},{"start":{"line":56,"column":76},"end":{"line":56,"column":89}}],"line":56},"4":{"loc":{"start":{"line":58,"column":54},"end":{"line":58,"column":93}},"type":"cond-expr","locations":[{"start":{"line":58,"column":63},"end":{"line":58,"column":75}},{"start":{"line":58,"column":78},"end":{"line":58,"column":93}}],"line":58},"5":{"loc":{"start":{"line":71,"column":10},"end":{"line":71,"column":55}},"type":"if","locations":[{"start":{"line":71,"column":10},"end":{"line":71,"column":55}},{"start":{},"end":{}}],"line":71}},"s":{"0":1,"1":17,"2":17,"3":17,"4":17,"5":17,"6":10,"7":17,"8":17,"9":51,"10":51,"11":0,"12":0,"13":0,"14":0,"15":0},"f":{"0":17,"1":10,"2":51,"3":0,"4":0,"5":0},"b":{"0":[17,10],"1":[17,1],"2":[17,1],"3":[17,34],"4":[17,34],"5":[0,0]},"_coverageSchema":"1a1c01bbd47fc00a2c39e90264f33305004495a9","hash":"7d609b2074b98eb7cfec99e572beaa5daeacfeef"}
,"C:\\Users\\davo2\\task-manager-testing-lab\\src\\screens\\HomeScreen.tsx": {"path":"C:\\Users\\davo2\\task-manager-testing-lab\\src\\screens\\HomeScreen.tsx","statementMap":{"0":{"start":{"line":6,"column":92},"end":{"line":19,"column":1}},"1":{"start":{"line":22,"column":17},"end":{"line":22,"column":36}},"2":{"start":{"line":24,"column":2},"end":{"line":43,"column":4}},"3":{"start":{"line":31,"column":8},"end":{"line":40,"column":15}}},"fnMap":{"0":{"name":"HomeScreen","decl":{"start":{"line":21,"column":16},"end":{"line":21,"column":26}},"loc":{"start":{"line":21,"column":29},"end":{"line":44,"column":1}},"line":21},"1":{"name":"(anonymous_1)","decl":{"start":{"line":30,"column":19},"end":{"line":30,"column":20}},"loc":{"start":{"line":31,"column":8},"end":{"line":40,"column":15}},"line":31}},"branchMap":{},"s":{"0":0,"1":0,"2":0,"3":0},"f":{"0":0,"1":0},"b":{}}
,"C:\\Users\\davo2\\task-manager-testing-lab\\src\\screens\\LoginScreen.tsx": {"path":"C:\\Users\\davo2\\task-manager-testing-lab\\src\\screens\\LoginScreen.tsx","statementMap":{"0":{"start":{"line":6,"column":17},"end":{"line":6,"column":36}},"1":{"start":{"line":7,"column":28},"end":{"line":7,"column":40}},"2":{"start":{"line":8,"column":34},"end":{"line":8,"column":46}},"3":{"start":{"line":9,"column":28},"end":{"line":9,"column":57}},"4":{"start":{"line":10,"column":34},"end":{"line":10,"column":49}},"5":{"start":{"line":12,"column":22},"end":{"line":25,"column":3}},"6":{"start":{"line":13,"column":4},"end":{"line":17,"column":5}},"7":{"start":{"line":14,"column":6},"end":{"line":14,"column":55}},"8":{"start":{"line":15,"column":6},"end":{"line":15,"column":25}},"9":{"start":{"line":16,"column":6},"end":{"line":16,"column":13}},"10":{"start":{"line":18,"column":4},"end":{"line":22,"column":5}},"11":{"start":{"line":19,"column":6},"end":{"line":19,"column":43}},"12":{"start":{"line":20,"column":6},"end":{"line":20,"column":25}},"13":{"start":{"line":21,"column":6},"end":{"line":21,"column":13}},"14":{"start":{"line":23,"column":4},"end":{"line":23,"column":19}},"15":{"start":{"line":24,"column":4},"end":{"line":24,"column":22}},"16":{"start":{"line":27,"column":2},"end":{"line":86,"column":4}}},"fnMap":{"0":{"name":"LoginScreen","decl":{"start":{"line":5,"column":16},"end":{"line":5,"column":27}},"loc":{"start":{"line":5,"column":30},"end":{"line":87,"column":1}},"line":5},"1":{"name":"(anonymous_1)","decl":{"start":{"line":12,"column":22},"end":{"line":12,"column":23}},"loc":{"start":{"line":12,"column":28},"end":{"line":25,"column":3}},"line":12}},"branchMap":{"0":{"loc":{"start":{"line":13,"column":4},"end":{"line":17,"column":5}},"type":"if","locations":[{"start":{"line":13,"column":4},"end":{"line":17,"column":5}},{"start":{},"end":{}}],"line":13},"1":{"loc":{"start":{"line":13,"column":8},"end":{"line":13,"column":41}},"type":"binary-expr","locations":[{"start":{"line":13,"column":8},"end":{"line":13,"column":21}},{"start":{"line":13,"column":25},"end":{"line":13,"column":41}}],"line":13},"2":{"loc":{"start":{"line":18,"column":4},"end":{"line":22,"column":5}},"type":"if","locations":[{"start":{"line":18,"column":4},"end":{"line":22,"column":5}},{"start":{},"end":{}}],"line":18},"3":{"loc":{"start":{"line":67,"column":7},"end":{"line":75,"column":7}},"type":"binary-expr","locations":[{"start":{"line":67,"column":7},"end":{"line":67,"column":12}},{"start":{"line":68,"column":8},"end":{"line":74,"column":15}}],"line":67},"4":{"loc":{"start":{"line":76,"column":7},"end":{"line":84,"column":7}},"type":"binary-expr","locations":[{"start":{"line":76,"column":7},"end":{"line":76,"column":15}},{"start":{"line":77,"column":8},"end":{"line":83,"column":15}}],"line":76}},"s":{"0":10,"1":10,"2":10,"3":10,"4":10,"5":10,"6":3,"7":1,"8":1,"9":1,"10":2,"11":1,"12":1,"13":1,"14":1,"15":1,"16":10},"f":{"0":10,"1":3},"b":{"0":[1,2],"1":[3,2],"2":[1,1],"3":[10,2],"4":[10,1]},"_coverageSchema":"1a1c01bbd47fc00a2c39e90264f33305004495a9","hash":"6137b845c0a81ba169d4279d4f7df63d8e21418d"}
,"C:\\Users\\davo2\\task-manager-testing-lab\\src\\services\\taskService.ts": {"path":"C:\\Users\\davo2\\task-manager-testing-lab\\src\\services\\taskService.ts","statementMap":{"0":{"start":{"line":3,"column":16},"end":{"line":3,"column":45}},"1":{"start":{"line":6,"column":14},"end":{"line":6,"column":45}},"2":{"start":{"line":7,"column":2},"end":{"line":7,"column":62}},"3":{"start":{"line":7,"column":15},"end":{"line":7,"column":62}},"4":{"start":{"line":8,"column":2},"end":{"line":8,"column":20}},"5":{"start":{"line":12,"column":14},"end":{"line":16,"column":4}},"6":{"start":{"line":17,"column":2},"end":{"line":17,"column":58}},"7":{"start":{"line":17,"column":15},"end":{"line":17,"column":58}},"8":{"start":{"line":18,"column":2},"end":{"line":18,"column":20}},"9":{"start":{"line":22,"column":14},"end":{"line":26,"column":4}},"10":{"start":{"line":27,"column":2},"end":{"line":27,"column":76}},"11":{"start":{"line":27,"column":15},"end":{"line":27,"column":76}},"12":{"start":{"line":28,"column":2},"end":{"line":28,"column":20}}},"fnMap":{"0":{"name":"fetchTasks","decl":{"start":{"line":5,"column":22},"end":{"line":5,"column":32}},"loc":{"start":{"line":5,"column":52},"end":{"line":9,"column":1}},"line":5},"1":{"name":"createTask","decl":{"start":{"line":11,"column":22},"end":{"line":11,"column":32}},"loc":{"start":{"line":11,"column":63},"end":{"line":19,"column":1}},"line":11},"2":{"name":"toggleTaskStatus","decl":{"start":{"line":21,"column":22},"end":{"line":21,"column":38}},"loc":{"start":{"line":21,"column":90},"end":{"line":29,"column":1}},"line":21}},"branchMap":{"0":{"loc":{"start":{"line":7,"column":2},"end":{"line":7,"column":62}},"type":"if","locations":[{"start":{"line":7,"column":2},"end":{"line":7,"column":62}},{"start":{},"end":{}}],"line":7},"1":{"loc":{"start":{"line":17,"column":2},"end":{"line":17,"column":58}},"type":"if","locations":[{"start":{"line":17,"column":2},"end":{"line":17,"column":58}},{"start":{},"end":{}}],"line":17},"2":{"loc":{"start":{"line":27,"column":2},"end":{"line":27,"column":76}},"type":"if","locations":[{"start":{"line":27,"column":2},"end":{"line":27,"column":76}},{"start":{},"end":{}}],"line":27}},"s":{"0":2,"1":0,"2":0,"3":0,"4":0,"5":10,"6":10,"7":1,"8":9,"9":5,"10":5,"11":1,"12":4},"f":{"0":0,"1":10,"2":5},"b":{"0":[0,0],"1":[1,9],"2":[1,4]},"_coverageSchema":"1a1c01bbd47fc00a2c39e90264f33305004495a9","hash":"7539b0f8633ce3d10d9923c477445d71807acaec"}
,"C:\\Users\\davo2\\task-manager-testing-lab\\src\\utils\\filterTasks.ts": {"path":"C:\\Users\\davo2\\task-manager-testing-lab\\src\\utils\\filterTasks.ts","statementMap":{"0":{"start":{"line":5,"column":30},"end":{"line":5,"column":73}},"1":{"start":{"line":8,"column":2},"end":{"line":10,"column":3}},"2":{"start":{"line":9,"column":4},"end":{"line":9,"column":50}},"3":{"start":{"line":11,"column":2},"end":{"line":11,"column":37}},"4":{"start":{"line":11,"column":24},"end":{"line":11,"column":37}},"5":{"start":{"line":12,"column":2},"end":{"line":12,"column":50}},"6":{"start":{"line":12,"column":29},"end":{"line":12,"column":48}}},"fnMap":{"0":{"name":"filterTasksByStatus","decl":{"start":{"line":7,"column":16},"end":{"line":7,"column":35}},"loc":{"start":{"line":7,"column":81},"end":{"line":13,"column":1}},"line":7},"1":{"name":"(anonymous_1)","decl":{"start":{"line":12,"column":22},"end":{"line":12,"column":23}},"loc":{"start":{"line":12,"column":29},"end":{"line":12,"column":48}},"line":12}},"branchMap":{"0":{"loc":{"start":{"line":8,"column":2},"end":{"line":10,"column":3}},"type":"if","locations":[{"start":{"line":8,"column":2},"end":{"line":10,"column":3}},{"start":{},"end":{}}],"line":8},"1":{"loc":{"start":{"line":11,"column":2},"end":{"line":11,"column":37}},"type":"if","locations":[{"start":{"line":11,"column":2},"end":{"line":11,"column":37}},{"start":{},"end":{}}],"line":11}},"s":{"0":3,"1":25,"2":2,"3":23,"4":18,"5":5,"6":12},"f":{"0":25,"1":12},"b":{"0":[2,23],"1":[18,5]},"_coverageSchema":"1a1c01bbd47fc00a2c39e90264f33305004495a9","hash":"b8647d2746767a10513914397075814122aa6a67"}
,"C:\\Users\\davo2\\task-manager-testing-lab\\src\\utils\\validateTask.ts": {"path":"C:\\Users\\davo2\\task-manager-testing-lab\\src\\utils\\validateTask.ts","statementMap":{"0":{"start":{"line":2,"column":2},"end":{"line":4,"column":3}},"1":{"start":{"line":3,"column":4},"end":{"line":3,"column":38}},"2":{"start":{"line":5,"column":2},"end":{"line":7,"column":3}},"3":{"start":{"line":6,"column":4},"end":{"line":6,"column":56}},"4":{"start":{"line":8,"column":2},"end":{"line":10,"column":3}},"5":{"start":{"line":9,"column":4},"end":{"line":9,"column":59}},"6":{"start":{"line":11,"column":2},"end":{"line":11,"column":14}}},"fnMap":{"0":{"name":"validateTaskTitle","decl":{"start":{"line":1,"column":16},"end":{"line":1,"column":33}},"loc":{"start":{"line":1,"column":64},"end":{"line":12,"column":1}},"line":1}},"branchMap":{"0":{"loc":{"start":{"line":2,"column":2},"end":{"line":4,"column":3}},"type":"if","locations":[{"start":{"line":2,"column":2},"end":{"line":4,"column":3}},{"start":{},"end":{}}],"line":2},"1":{"loc":{"start":{"line":2,"column":6},"end":{"line":2,"column":41}},"type":"binary-expr","locations":[{"start":{"line":2,"column":6},"end":{"line":2,"column":12}},{"start":{"line":2,"column":16},"end":{"line":2,"column":41}}],"line":2},"2":{"loc":{"start":{"line":5,"column":2},"end":{"line":7,"column":3}},"type":"if","locations":[{"start":{"line":5,"column":2},"end":{"line":7,"column":3}},{"start":{},"end":{}}],"line":5},"3":{"loc":{"start":{"line":8,"column":2},"end":{"line":10,"column":3}},"type":"if","locations":[{"start":{"line":8,"column":2},"end":{"line":10,"column":3}},{"start":{},"end":{}}],"line":8}},"s":{"0":11,"1":4,"2":7,"3":2,"4":5,"5":1,"6":4},"f":{"0":11},"b":{"0":[4,7],"1":[11,9],"2":[2,5],"3":[1,4]},"_coverageSchema":"1a1c01bbd47fc00a2c39e90264f33305004495a9","hash":"7b3f5524ab45ae25140735ff05cf153edb289abd"}
}
