TN:
SF:src\types.ts
FNF:0
FNH:0
LF:0
LH:0
BRF:0
BRH:0
end_of_record
TN:
SF:src\components\ConfirmDeleteDialog.tsx
FN:11,ConfirmDeleteDialog
FNF:1
FNH:1
FNDA:23,ConfirmDeleteDialog
DA:17,23
LF:1
LH:1
BRDA:23,0,0,6
BRDA:23,0,1,17
BRF:2
BRH:2
end_of_record
TN:
SF:src\components\LabeledInput.tsx
FN:12,LabeledInput
FNF:1
FNH:0
FNDA:0,LabeledInput
DA:5,0
DA:13,0
LF:2
LH:0
BRDA:18,0,0,0
BRDA:18,0,1,0
BRDA:20,1,0,0
BRDA:20,1,1,0
BRDA:24,2,0,0
BRDA:24,2,1,0
BRF:6
BRH:0
end_of_record
TN:
SF:src\components\PaymentInfoSection.tsx
FN:18,PaymentInfoSection
FN:27,(anonymous_1)
FN:36,(anonymous_2)
FN:44,(anonymous_3)
FN:53,(anonymous_4)
FNF:5
FNH:0
FNDA:0,PaymentInfoSection
FNDA:0,(anonymous_1)
FNDA:0,(anonymous_2)
FNDA:0,(anonymous_3)
FNDA:0,(anonymous_4)
DA:19,0
DA:27,0
DA:36,0
DA:44,0
DA:53,0
LF:5
LH:0
BRDA:18,0,0,0
BRF:1
BRH:0
end_of_record
TN:
SF:src\components\ShippingInfoSection.tsx
FN:17,ShippingInfoSection
FN:26,(anonymous_1)
FN:33,(anonymous_2)
FN:42,(anonymous_3)
FNF:4
FNH:0
FNDA:0,ShippingInfoSection
FNDA:0,(anonymous_1)
FNDA:0,(anonymous_2)
FNDA:0,(anonymous_3)
DA:18,0
DA:26,0
DA:33,0
DA:42,0
LF:4
LH:0
BRDA:17,0,0,0
BRF:1
BRH:0
end_of_record
TN:
SF:src\components\StatusBadge.tsx
FN:4,StatusBadge
FNF:1
FNH:1
FNDA:2,StatusBadge
DA:5,2
DA:6,2
DA:8,2
LF:3
LH:3
BRDA:5,0,0,1
BRDA:5,0,1,1
BRDA:6,1,0,1
BRDA:6,1,1,1
BRF:4
BRH:4
end_of_record
TN:
SF:src\components\TaskCard.tsx
FN:11,TaskCard
FN:11,(anonymous_1)
FN:18,(anonymous_2)
FN:27,(anonymous_3)
FNF:4
FNH:3
FNDA:24,TaskCard
FNDA:0,(anonymous_1)
FNDA:2,(anonymous_2)
FNDA:2,(anonymous_3)
DA:12,24
DA:13,24
DA:18,2
DA:27,2
LF:4
LH:4
BRDA:11,0,0,11
BRDA:20,1,0,6
BRDA:20,1,1,18
BRDA:22,2,0,6
BRDA:22,2,1,18
BRDA:23,3,0,6
BRDA:23,3,1,18
BRF:7
BRH:7
end_of_record
TN:
SF:src\components\TaskForm.tsx
FN:8,TaskForm
FN:11,(anonymous_1)
FNF:2
FNH:2
FNDA:37,TaskForm
FNDA:11,(anonymous_1)
DA:9,37
DA:11,37
DA:12,11
DA:13,8
DA:14,8
DA:17,37
LF:6
LH:6
BRDA:12,0,0,3
BRDA:12,0,1,8
BRF:2
BRH:2
end_of_record
TN:
SF:src\components\TaskList.tsx
FN:12,TaskList
FN:12,(anonymous_1)
FN:12,(anonymous_2)
FN:26,(anonymous_3)
FN:27,(anonymous_4)
FNF:5
FNH:3
FNDA:20,TaskList
FNDA:0,(anonymous_1)
FNDA:0,(anonymous_2)
FNDA:21,(anonymous_3)
FNDA:13,(anonymous_4)
DA:13,20
DA:14,8
DA:17,12
DA:26,21
DA:27,13
LF:5
LH:5
BRDA:12,0,0,3
BRDA:12,1,0,3
BRDA:13,2,0,8
BRDA:13,2,1,12
BRDA:20,3,0,11
BRDA:20,3,1,1
BRF:6
BRH:6
end_of_record
TN:
SF:src\components\UserInfoSection.tsx
FN:17,UserInfoSection
FN:27,(anonymous_1)
FN:37,(anonymous_2)
FN:46,(anonymous_3)
FNF:4
FNH:0
FNDA:0,UserInfoSection
FNDA:0,(anonymous_1)
FNDA:0,(anonymous_2)
FNDA:0,(anonymous_3)
DA:18,0
DA:27,0
DA:37,0
DA:46,0
LF:4
LH:0
BRDA:17,0,0,0
BRF:1
BRH:0
end_of_record
TN:
SF:src\hooks\useCounter.ts
FN:3,useCounter
FN:6,(anonymous_1)
FN:6,(anonymous_2)
FN:7,(anonymous_3)
FN:7,(anonymous_4)
FN:8,(anonymous_5)
FNF:6
FNH:6
FNDA:9,useCounter
FNDA:3,(anonymous_1)
FNDA:3,(anonymous_2)
FNDA:1,(anonymous_3)
FNDA:1,(anonymous_4)
FNDA:1,(anonymous_5)
DA:4,9
DA:6,9
DA:7,9
DA:8,9
DA:10,9
LF:5
LH:5
BRDA:3,0,0,3
BRF:1
BRH:1
end_of_record
TN:
SF:src\hooks\useCreateTask.ts
FN:8,useCreateTask
FN:15,(anonymous_1)
FN:17,(anonymous_2)
FN:20,(anonymous_3)
FN:21,(anonymous_4)
FN:26,(anonymous_5)
FN:29,(anonymous_6)
FN:32,(anonymous_7)
FN:40,(anonymous_8)
FN:53,(anonymous_9)
FN:54,(anonymous_10)
FN:54,(anonymous_11)
FN:57,(anonymous_12)
FN:58,(anonymous_13)
FN:62,(anonymous_14)
FN:63,(anonymous_15)
FN:68,(anonymous_16)
FNF:17
FNH:15
FNDA:35,useCreateTask
FNDA:14,(anonymous_1)
FNDA:14,(anonymous_2)
FNDA:0,(anonymous_3)
FNDA:14,(anonymous_4)
FNDA:33,(anonymous_5)
FNDA:0,(anonymous_6)
FNDA:10,(anonymous_7)
FNDA:10,(anonymous_8)
FNDA:1,(anonymous_9)
FNDA:1,(anonymous_10)
FNDA:1,(anonymous_11)
FNDA:5,(anonymous_12)
FNDA:5,(anonymous_13)
FNDA:5,(anonymous_14)
FNDA:5,(anonymous_15)
FNDA:1,(anonymous_16)
DA:6,2
DA:9,35
DA:10,35
DA:11,35
DA:12,35
DA:13,35
DA:15,35
DA:16,14
DA:18,14
DA:22,14
DA:26,35
DA:28,33
DA:29,19
DA:32,35
DA:33,10
DA:39,10
DA:40,10
DA:41,10
DA:46,10
DA:47,10
DA:49,1
DA:53,35
DA:54,1
DA:57,35
DA:58,5
DA:59,5
DA:60,5
DA:61,5
DA:62,5
DA:63,5
DA:68,5
DA:69,1
DA:73,35
LF:33
LH:33
BRDA:18,0,0,3
BRDA:18,0,1,11
BRDA:28,1,0,14
BRDA:28,1,1,19
BRDA:59,2,0,0
BRDA:59,2,1,5
BRDA:60,3,0,1
BRDA:60,3,1,4
BRDA:63,4,0,5
BRDA:63,4,1,0
BRF:10
BRH:8
end_of_record
TN:
SF:src\hooks\useTaskList.ts
FN:4,useTaskList
FN:8,(anonymous_1)
FN:19,(anonymous_2)
FN:22,(anonymous_3)
FN:23,(anonymous_4)
FN:23,(anonymous_5)
FNF:6
FNH:6
FNDA:10,useTaskList
FNDA:4,(anonymous_1)
FNDA:2,(anonymous_2)
FNDA:1,(anonymous_3)
FNDA:1,(anonymous_4)
FNDA:2,(anonymous_5)
DA:5,10
DA:6,10
DA:8,10
DA:9,4
DA:10,2
DA:11,2
DA:13,2
DA:14,2
DA:19,2
DA:22,10
DA:23,2
DA:26,10
DA:28,10
LF:13
LH:13
BRDA:4,0,0,8
BRDA:9,1,0,2
BRDA:9,1,1,2
BRF:3
BRH:3
end_of_record
TN:
SF:src\schemas\checkoutSchema.ts
FN:20,validateCheckout
FN:24,(anonymous_1)
FNF:2
FNH:2
FNDA:29,validateCheckout
FNDA:29,(anonymous_1)
DA:4,1
DA:5,1
DA:6,1
DA:8,1
DA:21,29
DA:22,29
DA:23,24
DA:24,29
LF:8
LH:8
BRDA:22,0,0,5
BRDA:22,0,1,24
BRF:2
BRH:2
end_of_record
TN:
SF:src\schemas\taskSchema.ts
FNF:0
FNH:0
DA:3,1
DA:10,1
LF:2
LH:2
BRF:0
BRH:0
end_of_record
TN:
SF:src\screens\CheckoutScreen.tsx
FN:14,(anonymous_0)
FN:15,(anonymous_1)
FN:15,(anonymous_2)
FN:17,CheckoutScreen
FN:25,(anonymous_4)
FN:49,(anonymous_5)
FN:49,(anonymous_6)
FN:54,(anonymous_7)
FN:54,(anonymous_8)
FN:59,(anonymous_9)
FN:59,(anonymous_10)
FN:86,(anonymous_11)
FNF:12
FNH:0
FNDA:0,(anonymous_0)
FNDA:0,(anonymous_1)
FNDA:0,(anonymous_2)
FNDA:0,CheckoutScreen
FNDA:0,(anonymous_4)
FNDA:0,(anonymous_5)
FNDA:0,(anonymous_6)
FNDA:0,(anonymous_7)
FNDA:0,(anonymous_8)
FNDA:0,(anonymous_9)
FNDA:0,(anonymous_10)
FNDA:0,(anonymous_11)
DA:10,0
DA:11,0
DA:12,0
DA:14,0
DA:15,0
DA:18,0
DA:19,0
DA:20,0
DA:21,0
DA:22,0
DA:23,0
DA:25,0
DA:26,0
DA:27,0
DA:28,0
DA:29,0
DA:32,0
DA:33,0
DA:34,0
DA:37,0
DA:49,0
DA:54,0
DA:59,0
DA:86,0
LF:24
LH:0
BRDA:26,0,0,0
BRDA:26,0,1,0
BRDA:34,1,0,0
BRDA:34,1,1,0
BRDA:62,2,0,0
BRDA:62,2,1,0
BRDA:67,3,0,0
BRDA:67,3,1,0
BRDA:83,4,0,0
BRDA:83,4,1,0
BRF:10
BRH:0
end_of_record
TN:
SF:src\screens\CreateTaskScreen.tsx
FN:16,CreateTaskScreen
FN:22,(anonymous_1)
FN:48,(anonymous_2)
FN:53,(anonymous_3)
FN:69,(anonymous_4)
FN:70,(anonymous_5)
FNF:6
FNH:3
FNDA:17,CreateTaskScreen
FNDA:10,(anonymous_1)
FNDA:51,(anonymous_2)
FNDA:0,(anonymous_3)
FNDA:0,(anonymous_4)
FNDA:0,(anonymous_5)
DA:10,1
DA:17,17
DA:18,17
DA:19,17
DA:20,17
DA:22,17
DA:23,17
DA:25,17
DA:49,51
DA:50,51
DA:53,0
DA:69,0
DA:71,0
DA:72,0
LF:14
LH:10
BRDA:32,0,0,17
BRDA:32,0,1,10
BRDA:37,1,0,17
BRDA:37,1,1,1
BRDA:42,2,0,17
BRDA:42,2,1,1
BRDA:56,3,0,17
BRDA:56,3,1,34
BRDA:58,4,0,17
BRDA:58,4,1,34
BRDA:71,5,0,0
BRDA:71,5,1,0
BRF:12
BRH:10
end_of_record
TN:
SF:src\screens\HomeScreen.tsx
FN:21,HomeScreen
FN:30,(anonymous_1)
FNF:2
FNH:0
FNDA:0,HomeScreen
FNDA:0,(anonymous_1)
DA:6,0
DA:22,0
DA:24,0
DA:31,0
LF:4
LH:0
BRF:0
BRH:0
end_of_record
TN:
SF:src\screens\LoginScreen.tsx
FN:5,LoginScreen
FN:12,(anonymous_1)
FNF:2
FNH:2
FNDA:10,LoginScreen
FNDA:3,(anonymous_1)
DA:6,10
DA:7,10
DA:8,10
DA:9,10
DA:10,10
DA:12,10
DA:13,3
DA:14,1
DA:15,1
DA:16,1
DA:18,2
DA:19,1
DA:20,1
DA:21,1
DA:23,1
DA:24,1
DA:27,10
LF:17
LH:17
BRDA:13,0,0,1
BRDA:13,0,1,2
BRDA:13,1,0,3
BRDA:13,1,1,2
BRDA:18,2,0,1
BRDA:18,2,1,1
BRDA:67,3,0,10
BRDA:67,3,1,2
BRDA:76,4,0,10
BRDA:76,4,1,1
BRF:10
BRH:10
end_of_record
TN:
SF:src\services\taskService.ts
FN:5,fetchTasks
FN:11,createTask
FN:21,toggleTaskStatus
FNF:3
FNH:2
FNDA:0,fetchTasks
FNDA:10,createTask
FNDA:5,toggleTaskStatus
DA:3,2
DA:6,0
DA:7,0
DA:8,0
DA:12,10
DA:17,10
DA:18,9
DA:22,5
DA:27,5
DA:28,4
LF:10
LH:7
BRDA:7,0,0,0
BRDA:7,0,1,0
BRDA:17,1,0,1
BRDA:17,1,1,9
BRDA:27,2,0,1
BRDA:27,2,1,4
BRF:6
BRH:4
end_of_record
TN:
SF:src\utils\filterTasks.ts
FN:7,filterTasksByStatus
FN:12,(anonymous_1)
FNF:2
FNH:2
FNDA:25,filterTasksByStatus
FNDA:12,(anonymous_1)
DA:5,3
DA:8,25
DA:9,2
DA:11,23
DA:12,12
LF:5
LH:5
BRDA:8,0,0,2
BRDA:8,0,1,23
BRDA:11,1,0,18
BRDA:11,1,1,5
BRF:4
BRH:4
end_of_record
TN:
SF:src\utils\validateTask.ts
FN:1,validateTaskTitle
FNF:1
FNH:1
FNDA:11,validateTaskTitle
DA:2,11
DA:3,4
DA:5,7
DA:6,2
DA:8,5
DA:9,1
DA:11,4
LF:7
LH:7
BRDA:2,0,0,4
BRDA:2,0,1,7
BRDA:2,1,0,11
BRDA:2,1,1,9
BRDA:5,2,0,2
BRDA:5,2,1,5
BRDA:8,3,0,1
BRDA:8,3,1,4
BRF:8
BRH:8
end_of_record
